<?xml version="1.0" encoding="UTF-8"?>
<testsuite xmlns:xsi="http://www.w3.org/2001/XMLSchema-instance" xsi:noNamespaceSchemaLocation="https://maven.apache.org/surefire/maven-surefire-plugin/xsd/surefire-test-report.xsd" version="3.0.2" name="com.kanishk.blog.BlogAppApisApplicationTests" time="6.194" tests="2" errors="0" skipped="0" failures="0">
  <properties>
[...]
</properties>
  <testcase name="repoTest" classname="com.kanishk.blog.BlogAppApisApplicationTests" time="0.431">
    <system-out><![CDATA[11:25:39.510 [main] INFO org.springframework.test.context.support.AnnotationConfigContextLoaderUtils -- Could not detect default configuration classes for test class [com.kanishk.blog.BlogAppApisApplicationTests]: BlogAppApisApplicationTests does not declare any static, non-private, non-final, nested classes annotated with @Configuration.
11:25:39.689 [main] INFO org.springframework.boot.test.context.SpringBootTestContextBootstrapper -- Found @SpringBootConfiguration com.kanishk.blog.BlogAppApisApplication for test class com.kanishk.blog.BlogAppApisApplicationTests
11:25:39.931 [main] INFO org.springframework.boot.devtools.restart.RestartApplicationListener -- Restart disabled due to context in which it is running

  .   ____          _            __ _ _
 /\\ / ___'_ __ _ _(_)_ __  __ _ \ \ \ \
( ( )\___ | '_ | '_| | '_ \/ _` | \ \ \ \
 \\/  ___)| |_)| | | | | || (_| |  ) ) ) )
  '  |____| .__|_| |_|_| |_\__, | / / / /
 =========|_|==============|___/=/_/_/_/

 :: Spring Boot ::                (v3.4.1)

2025-01-12T11:25:40.317+05:30  INFO 14611 --- [blog-app-apis] [           main] c.k.blog.BlogAppApisApplicationTests     : Starting BlogAppApisApplicationTests using Java 21.0.5 with PID 14611 (started by kanishk in /home/kanishk/Documents/workspace-spring-tool-suite-4-4.27.0.RELEASE/blog-app-apis)
2025-01-12T11:25:40.320+05:30  INFO 14611 --- [blog-app-apis] [           main] c.k.blog.BlogAppApisApplicationTests     : No active profile set, falling back to 1 default profile: "default"
2025-01-12T11:25:41.309+05:30  INFO 14611 --- [blog-app-apis] [           main] .s.d.r.c.RepositoryConfigurationDelegate : Bootstrapping Spring Data JPA repositories in DEFAULT mode.
2025-01-12T11:25:41.387+05:30  INFO 14611 --- [blog-app-apis] [           main] .s.d.r.c.RepositoryConfigurationDelegate : Finished Spring Data repository scanning in 64 ms. Found 1 JPA repository interface.
2025-01-12T11:25:42.023+05:30  INFO 14611 --- [blog-app-apis] [           main] o.hibernate.jpa.internal.util.LogHelper  : HHH000204: Processing PersistenceUnitInfo [name: default]
2025-01-12T11:25:42.115+05:30  INFO 14611 --- [blog-app-apis] [           main] org.hibernate.Version                    : HHH000412: Hibernate ORM core version 6.6.4.Final
2025-01-12T11:25:42.166+05:30  INFO 14611 --- [blog-app-apis] [           main] o.h.c.internal.RegionFactoryInitiator    : HHH000026: Second-level cache disabled
2025-01-12T11:25:42.575+05:30  INFO 14611 --- [blog-app-apis] [           main] o.s.o.j.p.SpringPersistenceUnitInfo      : No LoadTimeWeaver setup: ignoring JPA class transformer
2025-01-12T11:25:42.617+05:30  INFO 14611 --- [blog-app-apis] [           main] com.zaxxer.hikari.HikariDataSource       : HikariPool-1 - Starting...
2025-01-12T11:25:43.143+05:30  INFO 14611 --- [blog-app-apis] [           main] com.zaxxer.hikari.pool.HikariPool        : HikariPool-1 - Added connection com.mysql.cj.jdbc.ConnectionImpl@74bdfa0b
2025-01-12T11:25:43.145+05:30  INFO 14611 --- [blog-app-apis] [           main] com.zaxxer.hikari.HikariDataSource       : HikariPool-1 - Start completed.
2025-01-12T11:25:43.202+05:30  WARN 14611 --- [blog-app-apis] [           main] org.hibernate.orm.deprecation            : HHH90000025: MySQL8Dialect does not need to be specified explicitly using 'hibernate.dialect' (remove the property setting and it will be selected by default)
2025-01-12T11:25:43.204+05:30  WARN 14611 --- [blog-app-apis] [           main] org.hibernate.orm.deprecation            : HHH90000026: MySQL8Dialect has been deprecated; use org.hibernate.dialect.MySQLDialect instead
2025-01-12T11:25:43.226+05:30  INFO 14611 --- [blog-app-apis] [           main] org.hibernate.orm.connections.pooling    : HHH10001005: Database info:
	Database JDBC URL [Connecting through datasource 'HikariDataSource (HikariPool-1)']
	Database driver: undefined/unknown
	Database version: 8.0
	Autocommit mode: undefined/unknown
	Isolation level: undefined/unknown
	Minimum pool size: undefined/unknown
	Maximum pool size: undefined/unknown
2025-01-12T11:25:44.212+05:30  INFO 14611 --- [blog-app-apis] [           main] o.h.e.t.j.p.i.JtaPlatformInitiator       : HHH000489: No JTA platform available (set 'hibernate.transaction.jta.platform' to enable JTA platform integration)
2025-01-12T11:25:44.265+05:30  INFO 14611 --- [blog-app-apis] [           main] j.LocalContainerEntityManagerFactoryBean : Initialized JPA EntityManagerFactory for persistence unit 'default'
2025-01-12T11:25:44.636+05:30  WARN 14611 --- [blog-app-apis] [           main] JpaBaseConfiguration$JpaWebConfiguration : spring.jpa.open-in-view is enabled by default. Therefore, database queries may be performed during view rendering. Explicitly configure spring.jpa.open-in-view to disable this warning
2025-01-12T11:25:44.992+05:30  INFO 14611 --- [blog-app-apis] [           main] c.k.blog.BlogAppApisApplicationTests     : Started BlogAppApisApplicationTests in 5.082 seconds (process running for 6.523)
jdk.proxy2.$Proxy120
jdk.proxy2.$Proxy120
]]></system-out>
    <system-err><![CDATA[Mockito is currently self-attaching to enable the inline-mock-maker. This will no longer work in future releases of the JDK. Please add Mockito as an agent to your build what is described in Mockito's documentation: https://javadoc.io/doc/org.mockito/mockito-core/latest/org/mockito/Mockito.html#0.3
WARNING: A Java agent has been loaded dynamically (/home/kanishk/.m2/repository/net/bytebuddy/byte-buddy-agent/1.15.11/byte-buddy-agent-1.15.11.jar)
WARNING: If a serviceability tool is in use, please run with -XX:+EnableDynamicAgentLoading to hide this warning
WARNING: If a serviceability tool is not in use, please run with -Djdk.instrument.traceUsage for more information
WARNING: Dynamic loading of agents will be disallowed by default in a future release
]]></system-err>
  </testcase>
  <testcase name="contextLoads" classname="com.kanishk.blog.BlogAppApisApplicationTests" time="0.004"/>
</testsuite>